#
# There is insufficient memory for the Java Runtime Environment to continue.
# Native memory allocation (malloc) failed to allocate 228112 bytes for Chunk::new
# Possible reasons:
#   The system is out of physical RAM or swap space
#   In 32 bit mode, the process size limit was hit
# Possible solutions:
#   Reduce memory load on the system
#   Increase physical memory or swap space
#   Check if swap backing store is full
#   Use 64 bit Java on a 64 bit OS
#   Decrease Java heap size (-Xmx/-Xms)
#   Decrease number of Java threads
#   Decrease Java thread stack sizes (-Xss)
#   Set larger code cache with -XX:ReservedCodeCacheSize=
# This output file may be truncated or incomplete.
#
#  Out of Memory Error (allocation.cpp:323), pid=752, tid=3912
#
# JRE version: Java(TM) SE Runtime Environment (7.0_80-b15) (build 1.7.0_80-b15)
# Java VM: Java HotSpot(TM) 64-Bit Server VM (24.80-b11 mixed mode windows-amd64 compressed oops)
# Failed to write core dump. Minidumps are not enabled by default on client versions of Windows
#

---------------  T H R E A D  ---------------

Current thread (0x0000000008a44800):  JavaThread "C2 CompilerThread0" daemon [_thread_in_native, id=3912, stack(0x000000000a180000,0x000000000a280000)]

Stack: [0x000000000a180000,0x000000000a280000]
[error occurred during error reporting (printing stack bounds), id 0xc0000005]


[error occurred during error reporting (printing native stack), id 0xc0000005]


Current CompileTask:
C2:    477   21             sun.security.provider.SHA::implCompress (491 bytes)


---------------  P R O C E S S  ---------------

Java Threads: ( => current thread )
  0x000000000a285000 JavaThread "Service Thread" daemon [_thread_blocked, id=3840, stack(0x000000000a970000,0x000000000aa70000)]
  0x000000000a283800 JavaThread "C2 CompilerThread1" daemon [_thread_blocked, id=3824, stack(0x000000000a730000,0x000000000a830000)]
=>0x0000000008a44800 JavaThread "C2 CompilerThread0" daemon [_thread_in_native, id=3912, stack(0x000000000a180000,0x000000000a280000)]
  0x0000000008a5d800 JavaThread "Attach Listener" daemon [_thread_blocked, id=3808, stack(0x0000000009fd0000,0x000000000a0d0000)]
  0x0000000008a42800 JavaThread "Signal Dispatcher" daemon [_thread_blocked, id=3804, stack(0x0000000009e80000,0x0000000009f80000)]
  0x00000000089e2800 JavaThread "Finalizer" daemon [_thread_blocked, id=3512, stack(0x0000000009d30000,0x0000000009e30000)]
  0x00000000089e1000 JavaThread "Reference Handler" daemon [_thread_blocked, id=1888, stack(0x00000000099a0000,0x0000000009aa0000)]
  0x000000000039f000 JavaThread "main" [_thread_in_native, id=3832, stack(0x0000000002720000,0x0000000002820000)]

Other Threads:
  0x00000000089de000 VMThread [stack: 0x0000000009ab0000,0x0000000009bb0000] [id=2900]
  0x000000000a295800 WatcherThread [stack: 0x000000000aaf0000,0x000000000abf0000] [id=3848]

VM state:not at safepoint (normal execution)

VM Mutex/Monitor currently owned by a thread: None

Heap
 PSYoungGen      total 37376K, used 7755K [0x00000000eaa80000, 0x00000000ed400000, 0x0000000100000000)
  eden space 32256K, 24% used [0x00000000eaa80000,0x00000000eb212c08,0x00000000eca00000)
  from space 5120K, 0% used [0x00000000ecf00000,0x00000000ecf00000,0x00000000ed400000)
  to   space 5120K, 0% used [0x00000000eca00000,0x00000000eca00000,0x00000000ecf00000)
 ParOldGen       total 83968K, used 0K [0x00000000c0000000, 0x00000000c5200000, 0x00000000eaa80000)
  object space 83968K, 0% used [0x00000000c0000000,0x00000000c0000000,0x00000000c5200000)
 PSPermGen       total 21504K, used 4587K [0x00000000bae00000, 0x00000000bc300000, 0x00000000c0000000)
  object space 21504K, 21% used [0x00000000bae00000,0x00000000bb27ad50,0x00000000bc300000)

Card table byte_map: [0x0000000005820000,0x0000000005a50000] byte_map_base: 0x0000000005249000

Polling page: 0x0000000000340000

Code Cache  [0x0000000002820000, 0x0000000002a90000, 0x0000000005820000)
 total_blobs=249 nmethods=20 adapters=182 free_code_cache=48718Kb largest_free_block=49871680

Compilation events (10 events):
Event: 0.323 Thread 0x000000000a283800 nmethod 15 0x000000000288aad0 code [0x000000000288ac00, 0x000000000288acb8]
Event: 0.339 Thread 0x0000000008a44800   16             com.android.dx.util.ByteArray::getUnsignedByte (14 bytes)
Event: 0.340 Thread 0x0000000008a44800 nmethod 16 0x000000000288a710 code [0x000000000288a860, 0x000000000288a958]
Event: 0.346 Thread 0x000000000a283800   17             com.android.dx.rop.cst.CstString::utf8BytesToString (391 bytes)
Event: 0.353 Thread 0x000000000a283800 nmethod 17 0x000000000288bc10 code [0x000000000288be00, 0x000000000288c420]
Event: 0.369 Thread 0x0000000008a44800   18             java.lang.String::startsWith (72 bytes)
Event: 0.372 Thread 0x0000000008a44800 nmethod 18 0x000000000288cb50 code [0x000000000288cca0, 0x000000000288ce58]
Event: 0.415 Thread 0x000000000a283800   20             java.util.Properties$LineReader::readLine (452 bytes)
Event: 0.420 Thread 0x000000000a283800 nmethod 20 0x000000000288dc10 code [0x000000000288dda0, 0x000000000288e2d8]
Event: 0.468 Thread 0x0000000008a44800   21             sun.security.provider.SHA::implCompress (491 bytes)

GC Heap History (0 events):
No events

Deoptimization events (1 events):
Event: 0.423 Thread 0x000000000039f000 Uncommon trap: reason=unstable_if action=reinterpret pc=0x00000000028877ac method=java.lang.String.indexOf([CII[CIII)I @ 3

Internal exceptions (10 events):
Event: 0.278 Thread 0x000000000039f000 Threw 0x00000000eae851b8 at C:\re\jdk7u80\2329\hotspot\src\share\vm\prims\jvm.cpp:1319
Event: 0.398 Thread 0x000000000039f000 Threw 0x00000000eaed6578 at C:\re\jdk7u80\2329\hotspot\src\share\vm\prims\jvm.cpp:1319
Event: 0.401 Thread 0x000000000039f000 Threw 0x00000000eaee0720 at C:\re\jdk7u80\2329\hotspot\src\share\vm\prims\jvm.cpp:1319
Event: 0.402 Thread 0x000000000039f000 Threw 0x00000000eaee4820 at C:\re\jdk7u80\2329\hotspot\src\share\vm\prims\jvm.cpp:1319
Event: 0.403 Thread 0x000000000039f000 Threw 0x00000000eaee7180 at C:\re\jdk7u80\2329\hotspot\src\share\vm\prims\jvm.cpp:1319
Event: 0.406 Thread 0x000000000039f000 Threw 0x00000000eb1777b0 at C:\re\jdk7u80\2329\hotspot\src\share\vm\prims\jvm.cpp:1319
Event: 0.408 Thread 0x000000000039f000 Threw 0x00000000eb183d00 at C:\re\jdk7u80\2329\hotspot\src\share\vm\prims\jvm.cpp:1319
Event: 0.408 Thread 0x000000000039f000 Threw 0x00000000eb188f80 at C:\re\jdk7u80\2329\hotspot\src\share\vm\prims\jvm.cpp:1319
Event: 0.409 Thread 0x000000000039f000 Threw 0x00000000eb190098 at C:\re\jdk7u80\2329\hotspot\src\share\vm\prims\jvm.cpp:1319
Event: 0.411 Thread 0x000000000039f000 Threw 0x00000000eb192bf8 at C:\re\jdk7u80\2329\hotspot\src\share\vm\prims\jvm.cpp:1319

Events (10 events):
Event: 0.472 loading class 0x000000000a336d20
Event: 0.472 loading class 0x000000000a336d20 done
Event: 0.472 loading class 0x000000000a336d00
Event: 0.472 loading class 0x000000000a336d00 done
Event: 0.472 loading class 0x000000000a336d80
Event: 0.472 loading class 0x000000000a336d80 done
Event: 0.473 loading class 0x0000000008a4e660
Event: 0.473 loading class 0x000000000a388ea0
Event: 0.473 loading class 0x000000000a388ea0 done
Event: 0.473 loading class 0x0000000008a4e660 done


Dynamic libraries:
0x000000013f2e0000 - 0x000000013f313000 	C:\Program Files\Java\jdk1.7.0_80\bin\java.exe
0x0000000077520000 - 0x00000000776c9000 	C:\Windows\SYSTEM32\ntdll.dll
0x00000000771c0000 - 0x00000000772df000 	C:\Windows\system32\kernel32.dll
0x000007fefd490000 - 0x000007fefd4fb000 	C:\Windows\system32\KERNELBASE.dll
0x000007fefe400000 - 0x000007fefe4db000 	C:\Windows\system32\ADVAPI32.dll
0x000007feff3b0000 - 0x000007feff44f000 	C:\Windows\system32\msvcrt.dll
0x000007fefd920000 - 0x000007fefd93f000 	C:\Windows\SYSTEM32\sechost.dll
0x000007fefe4e0000 - 0x000007fefe60d000 	C:\Windows\system32\RPCRT4.dll
0x0000000077420000 - 0x000000007751a000 	C:\Windows\system32\USER32.dll
0x000007fefe2a0000 - 0x000007fefe307000 	C:\Windows\system32\GDI32.dll
0x000007fefe040000 - 0x000007fefe04e000 	C:\Windows\system32\LPK.dll
0x000007fefe330000 - 0x000007fefe3f9000 	C:\Windows\system32\USP10.dll
0x000007fefba60000 - 0x000007fefbc54000 	C:\Windows\WinSxS\amd64_microsoft.windows.common-controls_6595b64144ccf1df_6.0.7601.17514_none_fa396087175ac9ac\COMCTL32.dll
0x000007fefe180000 - 0x000007fefe1f1000 	C:\Windows\system32\SHLWAPI.dll
0x000007fefdc00000 - 0x000007fefdc2e000 	C:\Windows\system32\IMM32.DLL
0x000007fefdc30000 - 0x000007fefdd39000 	C:\Windows\system32\MSCTF.dll
0x0000000073f10000 - 0x0000000073fe2000 	C:\Program Files\Java\jdk1.7.0_80\jre\bin\msvcr100.dll
0x0000000061050000 - 0x0000000061829000 	C:\Program Files\Java\jdk1.7.0_80\jre\bin\server\jvm.dll
0x000007fef5dd0000 - 0x000007fef5dd9000 	C:\Windows\system32\WSOCK32.dll
0x000007feff7e0000 - 0x000007feff82d000 	C:\Windows\system32\WS2_32.dll
0x000007fefe610000 - 0x000007fefe618000 	C:\Windows\system32\NSI.dll
0x000007fefd5c0000 - 0x000007fefd5fb000 	C:\Windows\system32\WINMM.dll
0x00000000776f0000 - 0x00000000776f7000 	C:\Windows\system32\PSAPI.DLL
0x0000000074a90000 - 0x0000000074a9f000 	C:\Program Files\Java\jdk1.7.0_80\jre\bin\verify.dll
0x0000000074a60000 - 0x0000000074a88000 	C:\Program Files\Java\jdk1.7.0_80\jre\bin\java.dll
0x0000000074a20000 - 0x0000000074a36000 	C:\Program Files\Java\jdk1.7.0_80\jre\bin\zip.dll
0x0000000074a40000 - 0x0000000074a5a000 	C:\Program Files\Java\jdk1.7.0_80\jre\bin\net.dll
0x000007fefca70000 - 0x000007fefcac5000 	C:\Windows\system32\mswsock.dll
0x000007fefca60000 - 0x000007fefca67000 	C:\Windows\System32\wship6.dll
0x0000000074a00000 - 0x0000000074a11000 	C:\Program Files\Java\jdk1.7.0_80\jre\bin\nio.dll

VM Arguments:
jvm_args: -Djava.awt.headless=true -Xmx1024M -Dfile.encoding=GBK -Duser.country=CN -Duser.language=zh -Duser.variant 
java_command: com.android.dx.command.Main --dex --num-threads=4 --output D:\cxw_mysource\JiaoYangLogistics\app\build\intermediates\pre-dexed\debug\support-annotations-23.2.1_2c84ea3ebd478b08c7f0104d9ab8059980aecdf7.jar D:\cxw\as_sdk\sdk\extras\android\m2repository\com\android\support\support-annotations\23.2.1\support-annotations-23.2.1.jar
Launcher Type: SUN_STANDARD

Environment Variables:
JAVA_HOME=C:\Program Files\Java\jdk1.7.0_80
CLASSPATH=.;C:\Program Files\Java\jdk1.7.0_80\lib;C:\Program Files\Java\jdk1.7.0_80\lib\tools.jar
PATH=D:\cxw\adtbundlewindows64\sdk\platform-tools;C:\Program Files\Java\jdk1.7.0_80\bin;C:\Program Files\Java\jdk1.7.0_80\jre\bin;C:\Windows\system32;C:\Windows;C:\Windows\System32\Wbem;C:\Windows\System32\WindowsPowerShell\v1.0\;D:\TortoiseSVN\bin;D:\VisualSVN Server\bin;D:\cxw\tortoise_git\bin;D:\cxw\android-studio\gradle\gradle-2.10\bin;D:\cxw\MySQL\MySQL Server 5.5\bin
USERNAME=Administrator
OS=Windows_NT
PROCESSOR_IDENTIFIER=Intel64 Family 6 Model 60 Stepping 3, GenuineIntel



---------------  S Y S T E M  ---------------

OS: Windows 7 , 64 bit Build 7601 Service Pack 1

CPU:total 4 (2 cores per cpu, 2 threads per core) family 6 model 60 stepping 3, cmov, cx8, fxsr, mmx, sse, sse2, sse3, ssse3, sse4.1, sse4.2, popcnt, avx, avx2, aes, erms, ht, tsc, tscinvbit

Memory: 4k page, physical 8078768k(899844k free), swap 12271228k(5140k free)

vm_info: Java HotSpot(TM) 64-Bit Server VM (24.80-b11) for windows-amd64 JRE (1.7.0_80-b15), built on Apr 10 2015 11:26:34 by "java_re" with unknown MS VC++:1600

time: Sat Mar 26 17:56:05 2016
elapsed time: 0 seconds

